<?xml version="1.0" encoding="UTF-8"?>
<!-- Generated by org.testng.reporters.JUnitReportReporter -->
<testsuite hostname="DESKTOP-U7VHM5E" failures="0" tests="1" name="testBase.TC_001_AccountRegistrationTest" time="7.222" errors="0" timestamp="2023-12-24T23:15:35 IST" skipped="0">
  <testcase classname="testBase.TC_001_AccountRegistrationTest" name="Account_Reg" time="7.222"/>
</testsuite> <!-- testBase.TC_001_AccountRegistrationTest -->
