<?xml version="1.0" encoding="UTF-8"?>
<!-- Generated by org.testng.reporters.JUnitReportReporter -->
<testsuite hostname="DESKTOP-U7VHM5E" failures="0" tests="1" name="testCases.TC_001_AccountRegistrationTest" time="7.798" errors="0" timestamp="2023-12-29T13:29:53 IST" skipped="0">
  <testcase classname="testCases.TC_001_AccountRegistrationTest" name="Account_Reg" time="7.798"/>
</testsuite> <!-- testCases.TC_001_AccountRegistrationTest -->
